2018-01-24 15:01:25,365 INFO: Microblog startup [in C:\Users\mike.zhong\Dropbox\dev\flask\app\__init__.py:51]
2018-01-24 15:01:32,785 INFO: Microblog startup [in C:\Users\mike.zhong\Dropbox\dev\flask\app\__init__.py:51]
2018-01-24 16:07:28,850 INFO: Microblog startup [in C:\Users\mike.zhong\Dropbox\dev\flask\app\__init__.py:51]
2018-01-24 16:07:54,426 INFO: Microblog startup [in C:\Users\mike.zhong\Dropbox\dev\flask\app\__init__.py:51]
2018-01-24 16:17:48,483 INFO: Microblog startup [in C:\Users\mike.zhong\Dropbox\dev\flask\app\__init__.py:51]
2018-01-24 16:17:57,749 ERROR: Exception on /user/myz540 [GET] [in c:\users\mike.zhong\.virtualenvs\flask-l7tmmwrv\lib\site-packages\flask\app.py:1560]
Traceback (most recent call last):
  File "c:\users\mike.zhong\.virtualenvs\flask-l7tmmwrv\lib\site-packages\flask\app.py", line 1982, in wsgi_app
    response = self.full_dispatch_request()
  File "c:\users\mike.zhong\.virtualenvs\flask-l7tmmwrv\lib\site-packages\flask\app.py", line 1614, in full_dispatch_request
    rv = self.handle_user_exception(e)
  File "c:\users\mike.zhong\.virtualenvs\flask-l7tmmwrv\lib\site-packages\flask\app.py", line 1517, in handle_user_exception
    reraise(exc_type, exc_value, tb)
  File "c:\users\mike.zhong\.virtualenvs\flask-l7tmmwrv\lib\site-packages\flask\_compat.py", line 33, in reraise
    raise value
  File "c:\users\mike.zhong\.virtualenvs\flask-l7tmmwrv\lib\site-packages\flask\app.py", line 1612, in full_dispatch_request
    rv = self.dispatch_request()
  File "c:\users\mike.zhong\.virtualenvs\flask-l7tmmwrv\lib\site-packages\flask\app.py", line 1598, in dispatch_request
    return self.view_functions[rule.endpoint](**req.view_args)
  File "c:\users\mike.zhong\.virtualenvs\flask-l7tmmwrv\lib\site-packages\flask_login\utils.py", line 261, in decorated_view
    return func(*args, **kwargs)
  File "C:\Users\mike.zhong\Dropbox\dev\flask\app\routes.py", line 92, in user
    return render_template('user.html', user=user, posts=posts)
  File "c:\users\mike.zhong\.virtualenvs\flask-l7tmmwrv\lib\site-packages\flask\templating.py", line 133, in render_template
    return _render(ctx.app.jinja_env.get_or_select_template(template_name_or_list),
  File "c:\users\mike.zhong\.virtualenvs\flask-l7tmmwrv\lib\site-packages\jinja2\environment.py", line 869, in get_or_select_template
    return self.get_template(template_name_or_list, parent, globals)
  File "c:\users\mike.zhong\.virtualenvs\flask-l7tmmwrv\lib\site-packages\jinja2\environment.py", line 830, in get_template
    return self._load_template(name, self.make_globals(globals))
  File "c:\users\mike.zhong\.virtualenvs\flask-l7tmmwrv\lib\site-packages\jinja2\environment.py", line 804, in _load_template
    template = self.loader.load(self, name, globals)
  File "c:\users\mike.zhong\.virtualenvs\flask-l7tmmwrv\lib\site-packages\jinja2\loaders.py", line 125, in load
    code = environment.compile(source, name, filename)
  File "c:\users\mike.zhong\.virtualenvs\flask-l7tmmwrv\lib\site-packages\jinja2\environment.py", line 591, in compile
    self.handle_exception(exc_info, source_hint=source_hint)
  File "c:\users\mike.zhong\.virtualenvs\flask-l7tmmwrv\lib\site-packages\jinja2\environment.py", line 780, in handle_exception
    reraise(exc_type, exc_value, tb)
  File "c:\users\mike.zhong\.virtualenvs\flask-l7tmmwrv\lib\site-packages\jinja2\_compat.py", line 37, in reraise
    raise value.with_traceback(tb)
  File "C:\Users\mike.zhong\Dropbox\dev\flask\app\templates\user.html", line 37, in template
    {% endblock %}
  File "c:\users\mike.zhong\.virtualenvs\flask-l7tmmwrv\lib\site-packages\jinja2\environment.py", line 497, in _parse
    return Parser(self, source, name, encode_filename(filename)).parse()
  File "c:\users\mike.zhong\.virtualenvs\flask-l7tmmwrv\lib\site-packages\jinja2\parser.py", line 901, in parse
    result = nodes.Template(self.subparse(), lineno=1)
  File "c:\users\mike.zhong\.virtualenvs\flask-l7tmmwrv\lib\site-packages\jinja2\parser.py", line 883, in subparse
    rv = self.parse_statement()
  File "c:\users\mike.zhong\.virtualenvs\flask-l7tmmwrv\lib\site-packages\jinja2\parser.py", line 130, in parse_statement
    return getattr(self, 'parse_' + self.stream.current.value)()
  File "c:\users\mike.zhong\.virtualenvs\flask-l7tmmwrv\lib\site-packages\jinja2\parser.py", line 268, in parse_block
    node.body = self.parse_statements(('name:endblock',), drop_needle=True)
  File "c:\users\mike.zhong\.virtualenvs\flask-l7tmmwrv\lib\site-packages\jinja2\parser.py", line 165, in parse_statements
    result = self.subparse(end_tokens)
  File "c:\users\mike.zhong\.virtualenvs\flask-l7tmmwrv\lib\site-packages\jinja2\parser.py", line 883, in subparse
    rv = self.parse_statement()
  File "c:\users\mike.zhong\.virtualenvs\flask-l7tmmwrv\lib\site-packages\jinja2\parser.py", line 130, in parse_statement
    return getattr(self, 'parse_' + self.stream.current.value)()
  File "c:\users\mike.zhong\.virtualenvs\flask-l7tmmwrv\lib\site-packages\jinja2\parser.py", line 223, in parse_if
    drop_needle=True)
  File "c:\users\mike.zhong\.virtualenvs\flask-l7tmmwrv\lib\site-packages\jinja2\parser.py", line 165, in parse_statements
    result = self.subparse(end_tokens)
  File "c:\users\mike.zhong\.virtualenvs\flask-l7tmmwrv\lib\site-packages\jinja2\parser.py", line 883, in subparse
    rv = self.parse_statement()
  File "c:\users\mike.zhong\.virtualenvs\flask-l7tmmwrv\lib\site-packages\jinja2\parser.py", line 144, in parse_statement
    self.fail_unknown_tag(token.value, token.lineno)
  File "c:\users\mike.zhong\.virtualenvs\flask-l7tmmwrv\lib\site-packages\jinja2\parser.py", line 97, in fail_unknown_tag
    return self._fail_ut_eof(name, self._end_token_stack, lineno)
  File "c:\users\mike.zhong\.virtualenvs\flask-l7tmmwrv\lib\site-packages\jinja2\parser.py", line 90, in _fail_ut_eof
    self.fail(' '.join(message), lineno)
  File "c:\users\mike.zhong\.virtualenvs\flask-l7tmmwrv\lib\site-packages\jinja2\parser.py", line 59, in fail
    raise exc(msg, lineno, self.name, self.filename)
jinja2.exceptions.TemplateSyntaxError: Encountered unknown tag 'endblock'. You probably made a nesting mistake. Jinja is expecting this tag, but currently looking for 'endif'. The innermost block that needs to be closed is 'if'.
